***** HYDROTHERM - Water, Steam, Two-phase, and Supercritical Flow Simulator *****
  ----------------------------------------------------------------------------
    Nisi_like system                                                              
   hydrothermal system without input                                              
  ----------------------------------------------------------------------------

--- Run Information ---
          Execution Date and Time:   11 Aug 2025 11:43:07
          Input filename:  D110A0008.in
          Input format version:  VER3.2  
          Output filename suffix for this run:  .D110A0008.out                          

--- Program Version ---
          HYDROTHERM  Version: v3_2_0   


--- Dimensions of Problem Domain and Starting Time ---
                               Input Value
          Number of:  Cell Columns (X) .....    16
                      Cell Rows (Z) ........    16
                      Cell Slices (Y) ......     1
          Initial Time ..........  0.000     (s)
          All Time Variables Input in Seconds

--- Time Step Control ---
          Maximum number of time steps:                    1000000
          Max factor for increasing time step:                1.30
          Max % change in nodal pressure per time step:        0.0
          Max % change in nodal enthalpy per time step:        1.0
          Max change in nodal water satn per time step:      1.010
          Minimum Time Step Limit:                          1.0000E-04 (s)
          Max number of time step cuts per time step:           20

--- Newton-Raphson Iteration Convergence Criteria ---
          Max number of iterations per time step:               10
          Max residual mass change (g/s-cm^3):                1.00E-12
          Max residual energy change (erg/s-cm^3):            1.00E-02
          Max number of nodes allowed to change phase per NR 
               iteration:                                       32
     -- Secondary Criteria (apply when residual controls fail) --
          Max % pressure change per NR iteration:            0.1
          Max % enthalpy change per NR iteration:            0.1

--- SSOR Linear Equation Solver selected

--- Slice-Successive Over Relaxation Solver Control ---
          Direct linear solver used for 2-d slices; No SSOR iterations necessary

--- Weighting & Averaging Options ---
          Upstream Weighting used for Enthalpy & Relative Permeabilty
          Potential difference threshold for upstream weighting:  2.00E-05
          Weighting Factor for Temporal Differencing:                  1.0

--- Relative Permeability ---
          Linear Relative Permeabilty Function Selected
          Residual Water Saturation:                          0.300
          Residual Steam Saturation:                          0.050

--- Rock Properties ---
          Specific Heat of Rock (erg/g-K):   1.000E+07 - Spatially uniform
          Rock Density (g/cm^3):              2.50     - Spatially uniform
          Rock Compressibility (cm^2/dyne):   0.00     - Spatially uniform
          Gravitational Constant (cm/sec^2):   981.    

--- Radial Coordinates Selected ---
          Well radius =  0.100     (cm)
          Maximum reservoir radius =  1.600E+03 (cm)

--- Printing Controls ---
          Output Interval, Pressure:                   1.00000E+05 (s)
          Output Interval, Enthalpy:                   1.00000E+05 (s)
          Output Interval, Temperature:                1.00000E+05 (s)
          Output Interval, Saturation:                 1.00000E+05 (s)
          Output Interval, Density:                    1.00000E+05 (s)
          Output Interval, Viscosity:                   0.0000     (s)
          Output Interval, Potential:                   0.0000     (s)
          Output Interval, Velocity:                    0.0000     (s)
          Output Interval, B.C. flow rates:             0.0000     (s)
          Output Interval, Source flow rates:           0.0000     (s)
          Output Interval, Porous media properties:     0.0000     (s)
          Output Interval, Porosity:                    0.0000     (s)
          Output Interval, Permeability:                0.0000     (s)
          Output Interval, Balance tables:              0.0000     (s)
          Output Interval, Restart data:               1.00000E+05 (s)
          Output Interval, Residuals:                   0.0000     (s)
          Output Interval, Dimensionless numbers:       0.0000     (s)
          Output Interval, Scalar plot data:           1.00000E+05 (s)
          Output Interval, Vector plot data:           1.00000E+05 (s)
          Output Interval, Time series plot data:       0.0000     (s)

--- Node Sequence Numbers for the Mesh ---

       Node Numbers for SLICE   1
         256 Active Nodes;   0 Constant Value Nodes (-1);   0 Inactive Nodes (0)

Column (I)->  1    2    3    4    5    6    7    8    9   10   11   12   13   14   15   16
 
Row 16 ->   241  242  243  244  245  246  247  248  249  250  251  252  253  254  255  256
Row 15 ->   225  226  227  228  229  230  231  232  233  234  235  236  237  238  239  240
Row 14 ->   209  210  211  212  213  214  215  216  217  218  219  220  221  222  223  224
Row 13 ->   193  194  195  196  197  198  199  200  201  202  203  204  205  206  207  208
Row 12 ->   177  178  179  180  181  182  183  184  185  186  187  188  189  190  191  192
Row 11 ->   161  162  163  164  165  166  167  168  169  170  171  172  173  174  175  176
Row 10 ->   145  146  147  148  149  150  151  152  153  154  155  156  157  158  159  160
Row  9 ->   129  130  131  132  133  134  135  136  137  138  139  140  141  142  143  144
Row  8 ->   113  114  115  116  117  118  119  120  121  122  123  124  125  126  127  128
Row  7 ->    97   98   99  100  101  102  103  104  105  106  107  108  109  110  111  112
Row  6 ->    81   82   83   84   85   86   87   88   89   90   91   92   93   94   95   96
Row  5 ->    65   66   67   68   69   70   71   72   73   74   75   76   77   78   79   80
Row  4 ->    49   50   51   52   53   54   55   56   57   58   59   60   61   62   63   64
Row  3 ->    33   34   35   36   37   38   39   40   41   42   43   44   45   46   47   48
Row  2 ->    17   18   19   20   21   22   23   24   25   26   27   28   29   30   31   32
Row  1 ->     1    2    3    4    5    6    7    8    9   10   11   12   13   14   15   16

       Boundary Condition Index Numbers for SLICE   1
           0 Constant Value P & H & T Nodes (11);   0 Specified P, associated H and T Nodes (10);
           0 Seepage Surface Nodes (30 or 50);   0 Inactive External Nodes (-1)

Column (I)->  1    2    3    4    5    6    7    8    9   10   11   12   13   14   15   16
 
Row 16 ->     0    0    0    0    0    0    0    0    0    0    0    0    0    0    0    0
Row 15 ->     0    0    0    0    0    0    0    0    0    0    0    0    0    0    0    0
Row 14 ->     0    0    0    0    0    0    0    0    0    0    0    0    0    0    0    0
Row 13 ->     0    0    0    0    0    0    0    0    0    0    0    0    0    0    0    0
Row 12 ->     0    0    0    0    0    0    0    0    0    0    0    0    0    0    0    0
Row 11 ->     0    0    0    0    0    0    0    0    0    0    0    0    0    0    0    0
Row 10 ->     0    0    0    0    0    0    0    0    0    0    0    0    0    0    0    0
Row  9 ->     0    0    0    0    0    0    0    0    0    0    0    0    0    0    0    0
Row  8 ->     0    0    0    0    0    0    0    0    0    0    0    0    0    0    0    0
Row  7 ->     0    0    0    0    0    0    0    0    0    0    0    0    0    0    0    0
Row  6 ->     0    0    0    0    0    0    0    0    0    0    0    0    0    0    0    0
Row  5 ->     0    0    0    0    0    0    0    0    0    0    0    0    0    0    0    0
Row  4 ->     0    0    0    0    0    0    0    0    0    0    0    0    0    0    0    0
Row  3 ->     0    0    0    0    0    0    0    0    0    0    0    0    0    0    0    0
Row  2 ->     0    0    0    0    0    0    0    0    0    0    0    0    0    0    0    0
Row  1 ->     0    0    0    0    0    0    0    0    0    0    0    0    0    0    0    0
          Reading Input Array - XSPA
             User specified input units: m                   
             Output label for units: (m)           Conversion factor:   100.    
             Converting input values to HYDROTHERM cgs units (cm)         
                    (Value in input units * factor = value in cgs units)
          Reading Input Array - ZSPA
             User specified input units: m                   
             Output label for units: (m)           Conversion factor:   100.    
             Converting input values to HYDROTHERM cgs units (cm)         
                    (Value in input units * factor = value in cgs units)

--- Input values for R-dimensions of cylindrical cells (m) ---
          ***Cell size is recalculated from cell boundary locations squared
             ***   Specified maximum aquifer radius not used

       Column Numbers (I)
    1         2         3         4         5         6         7         8         9        10        11        12        13        14        15        16

 10.0      10.0      10.0      10.0      10.0      10.0      10.0      10.0      10.0      10.0      10.0      10.0      10.0      10.0      10.0      10.0    

     Node locations in R-direction (m)
          Calculated from input cell sizes and well radius

 5.00      15.0      25.0      35.0      45.0      55.0      65.0      75.0      85.0      95.0      105.      115.      125.      135.      145.      155.    

     --- Cell boundary R-locations squared (m)^2 ---


1.000E-06  100.      400.      900.     1.600E+03 2.500E+03 3.600E+03 4.900E+03 6.400E+03 8.100E+03 1.000E+04 1.210E+04 1.440E+04 1.690E+04 1.960E+04 2.250E+04
 256.    

       Cell face locations in R-direction (m)

1.000E-03  10.0      20.0      30.0      40.0      50.0      60.0      70.0      80.0      90.0      100.      110.      120.      130.      140.      150.    
 16.0    

--- Z-dimensions of cells ---
                      Elevation (datum = region cell bottom)   Depth (datum = region cell top)
           Cell Size      node location    cell top             node location    cell bottom
              (m)             (m)             (m)                   (m)              (m)
Row  16    1.0000E+01      1.5500E+02     1.6000E+02             5.0000E+00       1.0000E+01
Row  15    1.0000E+01      1.4500E+02     1.5000E+02             1.5000E+01       2.0000E+01
Row  14    1.0000E+01      1.3500E+02     1.4000E+02             2.5000E+01       3.0000E+01
Row  13    1.0000E+01      1.2500E+02     1.3000E+02             3.5000E+01       4.0000E+01
Row  12    1.0000E+01      1.1500E+02     1.2000E+02             4.5000E+01       5.0000E+01
Row  11    1.0000E+01      1.0500E+02     1.1000E+02             5.5000E+01       6.0000E+01
Row  10    1.0000E+01      9.5000E+01     1.0000E+02             6.5000E+01       7.0000E+01
Row   9    1.0000E+01      8.5000E+01     9.0000E+01             7.5000E+01       8.0000E+01
Row   8    1.0000E+01      7.5000E+01     8.0000E+01             8.5000E+01       9.0000E+01
Row   7    1.0000E+01      6.5000E+01     7.0000E+01             9.5000E+01       1.0000E+02
Row   6    1.0000E+01      5.5000E+01     6.0000E+01             1.0500E+02       1.1000E+02
Row   5    1.0000E+01      4.5000E+01     5.0000E+01             1.1500E+02       1.2000E+02
Row   4    1.0000E+01      3.5000E+01     4.0000E+01             1.2500E+02       1.3000E+02
Row   3    1.0000E+01      2.5000E+01     3.0000E+01             1.3500E+02       1.4000E+02
Row   2    1.0000E+01      1.5000E+01     2.0000E+01             1.4500E+02       1.5000E+02
Row   1    1.0000E+01      5.0000E+00     1.0000E+01             1.5500E+02       1.6000E+02

--- Read the remaining  7 arrays ---
          Reading Input Array - PORO
             User specified input units: -                   
             Output label for units: (-)           Conversion factor:   1.00    
             No conversion necessary, HYDROTHERM cgs units used for input
          Reading Input Array - XPER
             User specified input units: cm^2                
             Output label for units: (cm^2)        Conversion factor:   1.00    
             No conversion necessary, HYDROTHERM cgs units used for input
          Reading Input Array - ZPER
             User specified input units: cm^2                
             Output label for units: (cm^2)        Conversion factor:   1.00    
             No conversion necessary, HYDROTHERM cgs units used for input
          Reading Input Array - THER
             User specified input units: erg/s-cm-K          
             Output label for units: (erg/s-cm-K)  Conversion factor:   1.00    
             No conversion necessary, HYDROTHERM cgs units used for input
          Reading Input Array - COND
             User specified input units: mW/m^2              
             Output label for units: (mW/m^2)      Conversion factor:   1.00    
             Converting input values to HYDROTHERM cgs units (erg/s-cm^2) 
                    (Value in input units * factor = value in cgs units)
          Reading Input Array - PRES
             User specified input units: dyne/cm^2           
             Output label for units: (dyne/cm^2)   Conversion factor:   1.00    
             No conversion necessary, HYDROTHERM cgs units used for input
          Reading Input Array - TEMP
             User specified input units: C                   
             Default output units assigned for Enthalpy: (kJ/kg)      
             Output label for units: (Deg.C)       Conversion factor:   1.00    
             No conversion necessary, HYDROTHERM cgs units used for input

--- Initial Temperature ---  (Deg.C)      

           1           2           3           4           5           6           7           8           9          10
 16      100.00      100.00      100.00      100.00      100.00      100.00      100.00      100.00      100.00      100.00
 15      100.67      100.67      100.67      100.67      100.67      100.67      100.67      100.67      100.67      100.67
 14      101.33      101.33      101.33      101.33      101.33      101.33      101.33      101.33      101.33      101.33
 13      102.00      102.00      102.00      102.00      102.00      102.00      102.00      102.00      102.00      102.00
 12      102.67      102.67      102.67      102.67      102.67      102.67      102.67      102.67      102.67      102.67
 11      103.33      103.33      103.33      103.33      103.33      103.33      103.33      103.33      103.33      103.33
 10      104.00      104.00      104.00      104.00      104.00      104.00      104.00      104.00      104.00      104.00
  9      104.67      104.67      104.67      104.67      104.67      104.67      104.67      104.67      104.67      104.67
  8      105.33      105.33      105.33      105.33      105.33      105.33      105.33      105.33      105.33      105.33
  7      106.00      106.00      106.00      106.00      106.00      106.00      106.00      106.00      106.00      106.00
  6      106.67      106.67      106.67      106.67      106.67      106.67      106.67      106.67      106.67      106.67
  5      107.33      107.33      107.33      107.33      107.33      107.33      107.33      107.33      107.33      107.33
  4      108.00      108.00      108.00      108.00      108.00      108.00      108.00      108.00      108.00      108.00
  3      108.67      108.67      108.67      108.67      108.67      108.67      108.67      108.67      108.67      108.67
  2      109.33      109.33      109.33      109.33      109.33      109.33      109.33      109.33      109.33      109.33
  1      110.00      110.00      110.00      110.00      110.00      110.00      110.00      110.00      110.00      110.00



          11          12          13          14          15          16
 16      100.00      100.00      100.00      100.00      100.00      100.00
 15      100.67      100.67      100.67      100.67      100.67      100.67
 14      101.33      101.33      101.33      101.33      101.33      101.33
 13      102.00      102.00      102.00      102.00      102.00      102.00
 12      102.67      102.67      102.67      102.67      102.67      102.67
 11      103.33      103.33      103.33      103.33      103.33      103.33
 10      104.00      104.00      104.00      104.00      104.00      104.00
  9      104.67      104.67      104.67      104.67      104.67      104.67
  8      105.33      105.33      105.33      105.33      105.33      105.33
  7      106.00      106.00      106.00      106.00      106.00      106.00
  6      106.67      106.67      106.67      106.67      106.67      106.67
  5      107.33      107.33      107.33      107.33      107.33      107.33
  4      108.00      108.00      108.00      108.00      108.00      108.00
  3      108.67      108.67      108.67      108.67      108.67      108.67
  2      109.33      109.33      109.33      109.33      109.33      109.33
  1      110.00      110.00      110.00      110.00      110.00      110.00



--- Initial Enthalpy ---  (kJ/kg)      
          Computed from initial temperature and pressure

           1           2           3           4           5           6           7           8           9          10
 16   2676.       2676.       2676.       2676.       2676.       2676.       2676.       2676.       2676.       2676.    
 15   2677.       2677.       2677.       2677.       2677.       2677.       2677.       2677.       2677.       2677.    
 14   2678.       2678.       2678.       2678.       2678.       2678.       2678.       2678.       2678.       2678.    
 13   2680.       2680.       2680.       2680.       2680.       2680.       2680.       2680.       2680.       2680.    
 12   2681.       2681.       2681.       2681.       2681.       2681.       2681.       2681.       2681.       2681.    
 11   2682.       2682.       2682.       2682.       2682.       2682.       2682.       2682.       2682.       2682.    
 10   2684.       2684.       2684.       2684.       2684.       2684.       2684.       2684.       2684.       2684.    
  9   2685.       2685.       2685.       2685.       2685.       2685.       2685.       2685.       2685.       2685.    
  8   2687.       2687.       2687.       2687.       2687.       2687.       2687.       2687.       2687.       2687.    
  7   2688.       2688.       2688.       2688.       2688.       2688.       2688.       2688.       2688.       2688.    
  6   2689.       2689.       2689.       2689.       2689.       2689.       2689.       2689.       2689.       2689.    
  5   2691.       2691.       2691.       2691.       2691.       2691.       2691.       2691.       2691.       2691.    
  4   2692.       2692.       2692.       2692.       2692.       2692.       2692.       2692.       2692.       2692.    
  3   2693.       2693.       2693.       2693.       2693.       2693.       2693.       2693.       2693.       2693.    
  2   2695.       2695.       2695.       2695.       2695.       2695.       2695.       2695.       2695.       2695.    
  1   2696.       2696.       2696.       2696.       2696.       2696.       2696.       2696.       2696.       2696.    



          11          12          13          14          15          16
 16   2676.       2676.       2676.       2676.       2676.       2676.    
 15   2677.       2677.       2677.       2677.       2677.       2677.    
 14   2678.       2678.       2678.       2678.       2678.       2678.    
 13   2680.       2680.       2680.       2680.       2680.       2680.    
 12   2681.       2681.       2681.       2681.       2681.       2681.    
 11   2682.       2682.       2682.       2682.       2682.       2682.    
 10   2684.       2684.       2684.       2684.       2684.       2684.    
  9   2685.       2685.       2685.       2685.       2685.       2685.    
  8   2687.       2687.       2687.       2687.       2687.       2687.    
  7   2688.       2688.       2688.       2688.       2688.       2688.    
  6   2689.       2689.       2689.       2689.       2689.       2689.    
  5   2691.       2691.       2691.       2691.       2691.       2691.    
  4   2692.       2692.       2692.       2692.       2692.       2692.    
  3   2693.       2693.       2693.       2693.       2693.       2693.    
  2   2695.       2695.       2695.       2695.       2695.       2695.    
  1   2696.       2696.       2696.       2696.       2696.       2696.    



--- Initial Calculated Hydrostatic Pressure ---  (dyne/cm^2)  

           1           2           3           4           5           6           7           8           9          10
 16  1.0130E+06  1.0130E+06  1.0130E+06  1.0130E+06  1.0130E+06  1.0130E+06  1.0130E+06  1.0130E+06  1.0130E+06  1.0130E+06
 15  1.0136E+06  1.0136E+06  1.0136E+06  1.0136E+06  1.0136E+06  1.0136E+06  1.0136E+06  1.0136E+06  1.0136E+06  1.0136E+06
 14  1.0142E+06  1.0142E+06  1.0142E+06  1.0142E+06  1.0142E+06  1.0142E+06  1.0142E+06  1.0142E+06  1.0142E+06  1.0142E+06
 13  1.0148E+06  1.0148E+06  1.0148E+06  1.0148E+06  1.0148E+06  1.0148E+06  1.0148E+06  1.0148E+06  1.0148E+06  1.0148E+06
 12  1.0153E+06  1.0153E+06  1.0153E+06  1.0153E+06  1.0153E+06  1.0153E+06  1.0153E+06  1.0153E+06  1.0153E+06  1.0153E+06
 11  1.0159E+06  1.0159E+06  1.0159E+06  1.0159E+06  1.0159E+06  1.0159E+06  1.0159E+06  1.0159E+06  1.0159E+06  1.0159E+06
 10  1.0165E+06  1.0165E+06  1.0165E+06  1.0165E+06  1.0165E+06  1.0165E+06  1.0165E+06  1.0165E+06  1.0165E+06  1.0165E+06
  9  1.0171E+06  1.0171E+06  1.0171E+06  1.0171E+06  1.0171E+06  1.0171E+06  1.0171E+06  1.0171E+06  1.0171E+06  1.0171E+06
  8  1.0177E+06  1.0177E+06  1.0177E+06  1.0177E+06  1.0177E+06  1.0177E+06  1.0177E+06  1.0177E+06  1.0177E+06  1.0177E+06
  7  1.0182E+06  1.0182E+06  1.0182E+06  1.0182E+06  1.0182E+06  1.0182E+06  1.0182E+06  1.0182E+06  1.0182E+06  1.0182E+06
  6  1.0188E+06  1.0188E+06  1.0188E+06  1.0188E+06  1.0188E+06  1.0188E+06  1.0188E+06  1.0188E+06  1.0188E+06  1.0188E+06
  5  1.0194E+06  1.0194E+06  1.0194E+06  1.0194E+06  1.0194E+06  1.0194E+06  1.0194E+06  1.0194E+06  1.0194E+06  1.0194E+06
  4  1.0200E+06  1.0200E+06  1.0200E+06  1.0200E+06  1.0200E+06  1.0200E+06  1.0200E+06  1.0200E+06  1.0200E+06  1.0200E+06
  3  1.0206E+06  1.0206E+06  1.0206E+06  1.0206E+06  1.0206E+06  1.0206E+06  1.0206E+06  1.0206E+06  1.0206E+06  1.0206E+06
  2  1.0211E+06  1.0211E+06  1.0211E+06  1.0211E+06  1.0211E+06  1.0211E+06  1.0211E+06  1.0211E+06  1.0211E+06  1.0211E+06
  1  1.0217E+06  1.0217E+06  1.0217E+06  1.0217E+06  1.0217E+06  1.0217E+06  1.0217E+06  1.0217E+06  1.0217E+06  1.0217E+06



          11          12          13          14          15          16
 16  1.0130E+06  1.0130E+06  1.0130E+06  1.0130E+06  1.0130E+06  1.0130E+06
 15  1.0136E+06  1.0136E+06  1.0136E+06  1.0136E+06  1.0136E+06  1.0136E+06
 14  1.0142E+06  1.0142E+06  1.0142E+06  1.0142E+06  1.0142E+06  1.0142E+06
 13  1.0148E+06  1.0148E+06  1.0148E+06  1.0148E+06  1.0148E+06  1.0148E+06
 12  1.0153E+06  1.0153E+06  1.0153E+06  1.0153E+06  1.0153E+06  1.0153E+06
 11  1.0159E+06  1.0159E+06  1.0159E+06  1.0159E+06  1.0159E+06  1.0159E+06
 10  1.0165E+06  1.0165E+06  1.0165E+06  1.0165E+06  1.0165E+06  1.0165E+06
  9  1.0171E+06  1.0171E+06  1.0171E+06  1.0171E+06  1.0171E+06  1.0171E+06
  8  1.0177E+06  1.0177E+06  1.0177E+06  1.0177E+06  1.0177E+06  1.0177E+06
  7  1.0182E+06  1.0182E+06  1.0182E+06  1.0182E+06  1.0182E+06  1.0182E+06
  6  1.0188E+06  1.0188E+06  1.0188E+06  1.0188E+06  1.0188E+06  1.0188E+06
  5  1.0194E+06  1.0194E+06  1.0194E+06  1.0194E+06  1.0194E+06  1.0194E+06
  4  1.0200E+06  1.0200E+06  1.0200E+06  1.0200E+06  1.0200E+06  1.0200E+06
  3  1.0206E+06  1.0206E+06  1.0206E+06  1.0206E+06  1.0206E+06  1.0206E+06
  2  1.0211E+06  1.0211E+06  1.0211E+06  1.0211E+06  1.0211E+06  1.0211E+06
  1  1.0217E+06  1.0217E+06  1.0217E+06  1.0217E+06  1.0217E+06  1.0217E+06



--- Basal Heat Flux ---  (mW/m^2)     

          --- Slice   1 ---
Row  1 ->  8.0000E+04 8.0000E+04 8.0000E+04 8.0000E+04 8.0000E+04 8.0000E+04 8.0000E+04 8.0000E+04 8.0000E+04 8.0000E+04 8.0000E+04 8.0000E+04 8.0000E+04
           8.0000E+04 8.0000E+04 8.0000E+04

          Basal Surface Area per Cell for Cylindrical Coordinates (cm^2)
                (Calculated from squared nodal cell boundaries)

Row  1 ->  3.1422E+06 9.4254E+06 1.5709E+07 2.1992E+07 2.8275E+07 3.4558E+07 4.0841E+07 4.7125E+07 5.3408E+07 5.9691E+07 6.5974E+07 7.2257E+07 7.8540E+07
           8.4824E+07 9.1107E+07-6.9883E+08

          Heat Input flow rate per cell (erg/s)

Row  1 ->  2.5138E+11 7.5403E+11 1.2567E+12 1.7593E+12 2.2620E+12 2.7647E+12 3.2673E+12 3.7700E+12 4.2726E+12 4.7753E+12 5.2779E+12 5.7806E+12 6.2832E+12
           6.7859E+12 7.2885E+12-5.5906E+13

--- Rock-type Distribution ---
               positive integer = Active node;  0 = Inactive node, out of domain

Column (I)->  1    2    3    4    5    6    7    8    9   10   11   12   13   14   15   16
 
Row 16 ->     2    2    2    2    2    2    2    2    2    2    2    2    2    2    2    2
Row 15 ->     1    1    1    1    1    1    1    1    1    1    1    1    1    1    1    1
Row 14 ->     1    1    1    1    1    1    1    1    1    1    1    1    1    1    1    1
Row 13 ->     1    1    1    1    1    1    1    1    1    1    1    1    1    1    1    1
Row 12 ->     1    1    1    1    1    1    1    1    1    1    1    1    1    1    1    1
Row 11 ->     1    1    1    1    1    1    1    1    1    1    1    1    1    1    1    1
Row 10 ->     1    1    1    1    1    1    1    1    1    1    1    1    1    1    1    1
Row  9 ->     1    1    1    1    1    1    1    1    1    1    1    1    1    1    1    1
Row  8 ->     1    1    1    1    1    1    1    1    1    1    1    1    1    1    1    1
Row  7 ->     1    1    1    1    1    1    1    1    1    1    1    1    1    1    1    1
Row  6 ->     1    1    1    1    1    1    1    1    1    1    1    1    1    1    1    1
Row  5 ->     1    1    1    1    1    1    1    1    1    1    1    1    1    1    1    1
Row  4 ->     1    1    1    1    1    1    1    1    1    1    1    1    1    1    1    1
Row  3 ->     1    1    1    1    1    1    1    1    1    1    1    1    1    1    1    1
Row  2 ->     1    1    1    1    1    1    1    1    1    1    1    1    1    1    1    1
Row  1 ->     1    1    1    1    1    1    1    1    1    1    1    1    1    1    1    1

--- Parameter Values for Rock Types ---

       Rock Type   1
          Porosity:                        0.340     (-)          
          X-Permeability:                  2.000E-08 (cm^2)       
          Y-Permeability:                   - Value not defined by rock type
          Z-Permeability:                  2.000E-08 (cm^2)       
          Thermal Conductivity:            1.500E+05 (erg/s-cm-K) 
          Specific Heat:                   1.000E+07 (erg/g-K)    
          Rock Density:                     2.50     (g/cm^3)     
          Compressibility:                  0.00     (cm^2/dyne)  

       Rock Type   2
          Porosity:                        1.000E-02 (-)          
          X-Permeability:                  1.000E-28 (cm^2)       
          Y-Permeability:                   - Value not defined by rock type
          Z-Permeability:                  1.000E-28 (cm^2)       
          Thermal Conductivity:            1.500E+05 (erg/s-cm-K) 
          Specific Heat:                   1.000E+07 (erg/g-K)    
          Rock Density:                     2.50     (g/cm^3)     
          Compressibility:                  0.00     (cm^2/dyne)  

--- Initial Porosity ---  (-)          

           1           2           3           4           5           6           7           8           9          10
 16      0.0100      0.0100      0.0100      0.0100      0.0100      0.0100      0.0100      0.0100      0.0100      0.0100
 15      0.3400      0.3400      0.3400      0.3400      0.3400      0.3400      0.3400      0.3400      0.3400      0.3400
 14      0.3400      0.3400      0.3400      0.3400      0.3400      0.3400      0.3400      0.3400      0.3400      0.3400
 13      0.3400      0.3400      0.3400      0.3400      0.3400      0.3400      0.3400      0.3400      0.3400      0.3400
 12      0.3400      0.3400      0.3400      0.3400      0.3400      0.3400      0.3400      0.3400      0.3400      0.3400
 11      0.3400      0.3400      0.3400      0.3400      0.3400      0.3400      0.3400      0.3400      0.3400      0.3400
 10      0.3400      0.3400      0.3400      0.3400      0.3400      0.3400      0.3400      0.3400      0.3400      0.3400
  9      0.3400      0.3400      0.3400      0.3400      0.3400      0.3400      0.3400      0.3400      0.3400      0.3400
  8      0.3400      0.3400      0.3400      0.3400      0.3400      0.3400      0.3400      0.3400      0.3400      0.3400
  7      0.3400      0.3400      0.3400      0.3400      0.3400      0.3400      0.3400      0.3400      0.3400      0.3400
  6      0.3400      0.3400      0.3400      0.3400      0.3400      0.3400      0.3400      0.3400      0.3400      0.3400
  5      0.3400      0.3400      0.3400      0.3400      0.3400      0.3400      0.3400      0.3400      0.3400      0.3400
  4      0.3400      0.3400      0.3400      0.3400      0.3400      0.3400      0.3400      0.3400      0.3400      0.3400
  3      0.3400      0.3400      0.3400      0.3400      0.3400      0.3400      0.3400      0.3400      0.3400      0.3400
  2      0.3400      0.3400      0.3400      0.3400      0.3400      0.3400      0.3400      0.3400      0.3400      0.3400
  1      0.3400      0.3400      0.3400      0.3400      0.3400      0.3400      0.3400      0.3400      0.3400      0.3400



          11          12          13          14          15          16
 16      0.0100      0.0100      0.0100      0.0100      0.0100      0.0100
 15      0.3400      0.3400      0.3400      0.3400      0.3400      0.3400
 14      0.3400      0.3400      0.3400      0.3400      0.3400      0.3400
 13      0.3400      0.3400      0.3400      0.3400      0.3400      0.3400
 12      0.3400      0.3400      0.3400      0.3400      0.3400      0.3400
 11      0.3400      0.3400      0.3400      0.3400      0.3400      0.3400
 10      0.3400      0.3400      0.3400      0.3400      0.3400      0.3400
  9      0.3400      0.3400      0.3400      0.3400      0.3400      0.3400
  8      0.3400      0.3400      0.3400      0.3400      0.3400      0.3400
  7      0.3400      0.3400      0.3400      0.3400      0.3400      0.3400
  6      0.3400      0.3400      0.3400      0.3400      0.3400      0.3400
  5      0.3400      0.3400      0.3400      0.3400      0.3400      0.3400
  4      0.3400      0.3400      0.3400      0.3400      0.3400      0.3400
  3      0.3400      0.3400      0.3400      0.3400      0.3400      0.3400
  2      0.3400      0.3400      0.3400      0.3400      0.3400      0.3400
  1      0.3400      0.3400      0.3400      0.3400      0.3400      0.3400



--- X-Permeability ---  (cm^2)       

           1           2           3           4           5           6           7           8           9          10
 16  1.0000E-28  1.0000E-28  1.0000E-28  1.0000E-28  1.0000E-28  1.0000E-28  1.0000E-28  1.0000E-28  1.0000E-28  1.0000E-28
 15  2.0000E-08  2.0000E-08  2.0000E-08  2.0000E-08  2.0000E-08  2.0000E-08  2.0000E-08  2.0000E-08  2.0000E-08  2.0000E-08
 14  2.0000E-08  2.0000E-08  2.0000E-08  2.0000E-08  2.0000E-08  2.0000E-08  2.0000E-08  2.0000E-08  2.0000E-08  2.0000E-08
 13  2.0000E-08  2.0000E-08  2.0000E-08  2.0000E-08  2.0000E-08  2.0000E-08  2.0000E-08  2.0000E-08  2.0000E-08  2.0000E-08
 12  2.0000E-08  2.0000E-08  2.0000E-08  2.0000E-08  2.0000E-08  2.0000E-08  2.0000E-08  2.0000E-08  2.0000E-08  2.0000E-08
 11  2.0000E-08  2.0000E-08  2.0000E-08  2.0000E-08  2.0000E-08  2.0000E-08  2.0000E-08  2.0000E-08  2.0000E-08  2.0000E-08
 10  2.0000E-08  2.0000E-08  2.0000E-08  2.0000E-08  2.0000E-08  2.0000E-08  2.0000E-08  2.0000E-08  2.0000E-08  2.0000E-08
  9  2.0000E-08  2.0000E-08  2.0000E-08  2.0000E-08  2.0000E-08  2.0000E-08  2.0000E-08  2.0000E-08  2.0000E-08  2.0000E-08
  8  2.0000E-08  2.0000E-08  2.0000E-08  2.0000E-08  2.0000E-08  2.0000E-08  2.0000E-08  2.0000E-08  2.0000E-08  2.0000E-08
  7  2.0000E-08  2.0000E-08  2.0000E-08  2.0000E-08  2.0000E-08  2.0000E-08  2.0000E-08  2.0000E-08  2.0000E-08  2.0000E-08
  6  2.0000E-08  2.0000E-08  2.0000E-08  2.0000E-08  2.0000E-08  2.0000E-08  2.0000E-08  2.0000E-08  2.0000E-08  2.0000E-08
  5  2.0000E-08  2.0000E-08  2.0000E-08  2.0000E-08  2.0000E-08  2.0000E-08  2.0000E-08  2.0000E-08  2.0000E-08  2.0000E-08
  4  2.0000E-08  2.0000E-08  2.0000E-08  2.0000E-08  2.0000E-08  2.0000E-08  2.0000E-08  2.0000E-08  2.0000E-08  2.0000E-08
  3  2.0000E-08  2.0000E-08  2.0000E-08  2.0000E-08  2.0000E-08  2.0000E-08  2.0000E-08  2.0000E-08  2.0000E-08  2.0000E-08
  2  2.0000E-08  2.0000E-08  2.0000E-08  2.0000E-08  2.0000E-08  2.0000E-08  2.0000E-08  2.0000E-08  2.0000E-08  2.0000E-08
  1  2.0000E-08  2.0000E-08  2.0000E-08  2.0000E-08  2.0000E-08  2.0000E-08  2.0000E-08  2.0000E-08  2.0000E-08  2.0000E-08



          11          12          13          14          15          16
 16  1.0000E-28  1.0000E-28  1.0000E-28  1.0000E-28  1.0000E-28  1.0000E-28
 15  2.0000E-08  2.0000E-08  2.0000E-08  2.0000E-08  2.0000E-08  2.0000E-08
 14  2.0000E-08  2.0000E-08  2.0000E-08  2.0000E-08  2.0000E-08  2.0000E-08
 13  2.0000E-08  2.0000E-08  2.0000E-08  2.0000E-08  2.0000E-08  2.0000E-08
 12  2.0000E-08  2.0000E-08  2.0000E-08  2.0000E-08  2.0000E-08  2.0000E-08
 11  2.0000E-08  2.0000E-08  2.0000E-08  2.0000E-08  2.0000E-08  2.0000E-08
 10  2.0000E-08  2.0000E-08  2.0000E-08  2.0000E-08  2.0000E-08  2.0000E-08
  9  2.0000E-08  2.0000E-08  2.0000E-08  2.0000E-08  2.0000E-08  2.0000E-08
  8  2.0000E-08  2.0000E-08  2.0000E-08  2.0000E-08  2.0000E-08  2.0000E-08
  7  2.0000E-08  2.0000E-08  2.0000E-08  2.0000E-08  2.0000E-08  2.0000E-08
  6  2.0000E-08  2.0000E-08  2.0000E-08  2.0000E-08  2.0000E-08  2.0000E-08
  5  2.0000E-08  2.0000E-08  2.0000E-08  2.0000E-08  2.0000E-08  2.0000E-08
  4  2.0000E-08  2.0000E-08  2.0000E-08  2.0000E-08  2.0000E-08  2.0000E-08
  3  2.0000E-08  2.0000E-08  2.0000E-08  2.0000E-08  2.0000E-08  2.0000E-08
  2  2.0000E-08  2.0000E-08  2.0000E-08  2.0000E-08  2.0000E-08  2.0000E-08
  1  2.0000E-08  2.0000E-08  2.0000E-08  2.0000E-08  2.0000E-08  2.0000E-08



--- Z-Permeability ---  (cm^2)       

          Values are the same as X-Permeability

--- Thermal Conductivity ---  (erg/s-cm-K) 
          Uniform Value:   1.5000E+05

--- Specific Heat of Rock ---  (erg/g-K)    
          Uniform Value:   1.0000E+07

--- Rock Density ---  (g/cm^3)     
          Uniform Value:    2.500    

--- Rock Compressibility ---  (cm^2/dyne)  
          Uniform Value:    0.000    

--- Lithostatic Pressure Limit ---  (dyne/cm^2)  

           1           2           3           4           5           6           7           8           9          10
 16  1.0130E+06  1.0130E+06  1.0130E+06  1.0130E+06  1.0130E+06  1.0130E+06  1.0130E+06  1.0130E+06  1.0130E+06  1.0130E+06
 15  3.0366E+06  3.0366E+06  3.0366E+06  3.0366E+06  3.0366E+06  3.0366E+06  3.0366E+06  3.0366E+06  3.0366E+06  3.0366E+06
 14  4.6560E+06  4.6560E+06  4.6560E+06  4.6560E+06  4.6560E+06  4.6560E+06  4.6560E+06  4.6560E+06  4.6560E+06  4.6560E+06
 13  6.2757E+06  6.2757E+06  6.2757E+06  6.2757E+06  6.2757E+06  6.2757E+06  6.2757E+06  6.2757E+06  6.2757E+06  6.2757E+06
 12  7.8957E+06  7.8957E+06  7.8957E+06  7.8957E+06  7.8957E+06  7.8957E+06  7.8957E+06  7.8957E+06  7.8957E+06  7.8957E+06
 11  9.5161E+06  9.5161E+06  9.5161E+06  9.5161E+06  9.5161E+06  9.5161E+06  9.5161E+06  9.5161E+06  9.5161E+06  9.5161E+06
 10  1.1137E+07  1.1137E+07  1.1137E+07  1.1137E+07  1.1137E+07  1.1137E+07  1.1137E+07  1.1137E+07  1.1137E+07  1.1137E+07
  9  1.2758E+07  1.2758E+07  1.2758E+07  1.2758E+07  1.2758E+07  1.2758E+07  1.2758E+07  1.2758E+07  1.2758E+07  1.2758E+07
  8  1.4379E+07  1.4379E+07  1.4379E+07  1.4379E+07  1.4379E+07  1.4379E+07  1.4379E+07  1.4379E+07  1.4379E+07  1.4379E+07
  7  1.6000E+07  1.6000E+07  1.6000E+07  1.6000E+07  1.6000E+07  1.6000E+07  1.6000E+07  1.6000E+07  1.6000E+07  1.6000E+07
  6  1.7622E+07  1.7622E+07  1.7622E+07  1.7622E+07  1.7622E+07  1.7622E+07  1.7622E+07  1.7622E+07  1.7622E+07  1.7622E+07
  5  1.9245E+07  1.9245E+07  1.9245E+07  1.9245E+07  1.9245E+07  1.9245E+07  1.9245E+07  1.9245E+07  1.9245E+07  1.9245E+07
  4  2.0867E+07  2.0867E+07  2.0867E+07  2.0867E+07  2.0867E+07  2.0867E+07  2.0867E+07  2.0867E+07  2.0867E+07  2.0867E+07
  3  2.2490E+07  2.2490E+07  2.2490E+07  2.2490E+07  2.2490E+07  2.2490E+07  2.2490E+07  2.2490E+07  2.2490E+07  2.2490E+07
  2  2.4113E+07  2.4113E+07  2.4113E+07  2.4113E+07  2.4113E+07  2.4113E+07  2.4113E+07  2.4113E+07  2.4113E+07  2.4113E+07
  1  2.5736E+07  2.5736E+07  2.5736E+07  2.5736E+07  2.5736E+07  2.5736E+07  2.5736E+07  2.5736E+07  2.5736E+07  2.5736E+07



          11          12          13          14          15          16
 16  1.0130E+06  1.0130E+06  1.0130E+06  1.0130E+06  1.0130E+06  1.0130E+06
 15  3.0366E+06  3.0366E+06  3.0366E+06  3.0366E+06  3.0366E+06  3.0366E+06
 14  4.6560E+06  4.6560E+06  4.6560E+06  4.6560E+06  4.6560E+06  4.6560E+06
 13  6.2757E+06  6.2757E+06  6.2757E+06  6.2757E+06  6.2757E+06  6.2757E+06
 12  7.8957E+06  7.8957E+06  7.8957E+06  7.8957E+06  7.8957E+06  7.8957E+06
 11  9.5161E+06  9.5161E+06  9.5161E+06  9.5161E+06  9.5161E+06  9.5161E+06
 10  1.1137E+07  1.1137E+07  1.1137E+07  1.1137E+07  1.1137E+07  1.1137E+07
  9  1.2758E+07  1.2758E+07  1.2758E+07  1.2758E+07  1.2758E+07  1.2758E+07
  8  1.4379E+07  1.4379E+07  1.4379E+07  1.4379E+07  1.4379E+07  1.4379E+07
  7  1.6000E+07  1.6000E+07  1.6000E+07  1.6000E+07  1.6000E+07  1.6000E+07
  6  1.7622E+07  1.7622E+07  1.7622E+07  1.7622E+07  1.7622E+07  1.7622E+07
  5  1.9245E+07  1.9245E+07  1.9245E+07  1.9245E+07  1.9245E+07  1.9245E+07
  4  2.0867E+07  2.0867E+07  2.0867E+07  2.0867E+07  2.0867E+07  2.0867E+07
  3  2.2490E+07  2.2490E+07  2.2490E+07  2.2490E+07  2.2490E+07  2.2490E+07
  2  2.4113E+07  2.4113E+07  2.4113E+07  2.4113E+07  2.4113E+07  2.4113E+07
  1  2.5736E+07  2.5736E+07  2.5736E+07  2.5736E+07  2.5736E+07  2.5736E+07



--- Simulation Period Number  1 ---
          Period begins       0.000000     (s)
          Period ends         1.000000     (s)
          Initial time step  1.0000000E-03 (s)
          Number of parameters with new data input:  0
          No sources or sinks active during this simulation period
          Output Interval, Pressure:                    10000.     (s)
          Output Interval, Enthalpy:                    10000.     (s)
          Output Interval, Temperature:                 10000.     (s)
          Output Interval, Saturation:                  10000.     (s)
          Output Interval, Density:                     10000.     (s)
          Output Interval, Viscosity:                   0.0000     (s)
          Output Interval, Potential:                   0.0000     (s)
          Output Interval, Velocity:                    10000.     (s)
          Output Interval, B.C. flow rates:             0.0000     (s)
          Output Interval, Source flow rates:           0.0000     (s)
          Output Interval, Porous media properties:     10000.     (s)
          Output Interval, Porosity:                    10000.     (s)
          Output Interval, Permeability:                0.0000     (s)
          Output Interval, Balance tables:              10000.     (s)
          Output Interval, Restart data:                10000.     (s)
          Output Interval, Residuals:                   0.0000     (s)
          Output Interval, Dimensionless numbers:       10000.     (s)
          Output Interval, Scalar plot data:            10000.     (s)
          Output Interval, Vector plot data:            10000.     (s)
          Output Interval, Time series plot data:       0.0000     (s)
 

--- Simulation Period Number  2 ---
          Period begins       1.000000     (s)
          Period ends         2.000000     (s)
          Initial time step  0.1900496     (s)
          Number of parameters with new data input:  1
          No change in sources or sinks from the previous simulation period

          Reading Input Array - COND
             User specified input units: mW/m^2              
             Output label for units: (mW/m^2)      Conversion factor:   1.00    
             Converting input values to HYDROTHERM cgs units (erg/s-cm^2) 
                    (Value in input units * factor = value in cgs units)

--- New values for Basal Heat Flux ---  (mW/m^2)     

          --- Slice   1 ---
Row  1 ->  8.0000E+04 8.0000E+04 8.0000E+04 8.0000E+04 8.0000E+04 8.0000E+04 8.0000E+04 8.0000E+04 8.0000E+04 8.0000E+04 8.0000E+04 8.0000E+04 8.0000E+04
           8.0000E+04 8.0000E+04 8.0000E+04

          Basal Surface Area per Cell for Cylindrical Coordinates (cm^2)
                (Calculated from squared nodal cell boundaries)

Row  1 ->  3.1422E+06 9.4254E+06 1.5709E+07 2.1992E+07 2.8275E+07 3.4558E+07 4.0841E+07 4.7125E+07 5.3408E+07 5.9691E+07 6.5974E+07 7.2257E+07 7.8540E+07
           8.4824E+07 9.1107E+07-6.9883E+08

          Heat Input flow rate per cell (erg/s)

Row  1 ->  2.5138E+11 7.5403E+11 1.2567E+12 1.7593E+12 2.2620E+12 2.7647E+12 3.2673E+12 3.7700E+12 4.2726E+12 4.7753E+12 5.2779E+12 5.7806E+12 6.2832E+12
           6.7859E+12 7.2885E+12-5.5906E+13
 

--- Simulation Period Number  3 ---
          Period begins       2.000000     (s)
          Period ends         8640000.     (s)
          Initial time step  0.3211839     (s)
          Number of parameters with new data input:  0
          No change in sources or sinks from the previous simulation period
 


                                        ***** Simulation Completed ***** 
               Last time value calculated ........................................... 8.6400E+06  (s)
               Last time step index .................................................    1788
